2022-03-20 19:44:36.311 [main] DEBUG org.jboss.logging - Logging Provider: org.jboss.logging.Log4j2LoggerProvider
2022-03-20 19:44:36.315 [main] DEBUG org.hibernate.integrator.internal.IntegratorServiceImpl - Adding Integrator [org.hibernate.cfg.beanvalidation.BeanValidationIntegrator].
2022-03-20 19:44:36.315 [main] DEBUG org.hibernate.integrator.internal.IntegratorServiceImpl - Adding Integrator [org.hibernate.secure.spi.JaccIntegrator].
2022-03-20 19:44:36.317 [main] DEBUG org.hibernate.integrator.internal.IntegratorServiceImpl - Adding Integrator [org.hibernate.cache.internal.CollectionCacheInvalidator].
2022-03-20 19:44:36.328 [main] INFO  org.hibernate.Version - HHH000412: Hibernate ORM core version 5.6.7.Final
2022-03-20 19:44:36.328 [main] DEBUG org.hibernate.cfg.Environment - HHH000206: hibernate.properties not found
2022-03-20 19:44:36.400 [main] DEBUG org.hibernate.boot.jaxb.internal.stax.LocalXmlResourceResolver - Interpreting public/system identifier : [-//Hibernate/Hibernate Configuration DTD//EN] - [http://www.hibernate.org/dtd/hibernate-configuration-3.0.dtd]
2022-03-20 19:44:36.400 [main] DEBUG org.hibernate.boot.jaxb.internal.stax.LocalXmlResourceResolver - Recognized hibernate-configuration identifier; attempting to resolve on classpath under org/hibernate/
2022-03-20 19:44:36.404 [main] DEBUG org.hibernate.boot.cfgxml.internal.JaxbCfgProcessor - cfg.xml document did not define namespaces; wrapping in custom event reader to introduce namespace information
2022-03-20 19:44:36.485 [main] DEBUG org.hibernate.cfg.Configuration - Building session factory using internal StandardServiceRegistryBuilder
2022-03-20 19:44:36.488 [main] DEBUG org.hibernate.service.spi.ServiceBinding - Overriding existing service binding [org.hibernate.secure.spi.JaccService]
2022-03-20 19:44:36.488 [main] DEBUG org.hibernate.cfg.Configuration - Building session factory using provided StandardServiceRegistry
2022-03-20 19:44:36.494 [main] DEBUG org.hibernate.cache.internal.RegionFactoryInitiator - Cannot default RegionFactory based on registered strategies as `[]` RegionFactory strategies were registered
2022-03-20 19:44:36.494 [main] DEBUG org.hibernate.cache.internal.RegionFactoryInitiator - Cache region factory : org.hibernate.cache.internal.NoCachingRegionFactory
2022-03-20 19:44:36.501 [main] INFO  org.hibernate.annotations.common.Version - HCANN000001: Hibernate Commons Annotations {5.1.2.Final}
2022-03-20 19:44:36.521 [main] DEBUG org.hibernate.type.BasicTypeRegistry - Adding type registration boolean -> org.hibernate.type.BooleanType@22ee2d0
2022-03-20 19:44:36.521 [main] DEBUG org.hibernate.type.BasicTypeRegistry - Adding type registration boolean -> org.hibernate.type.BooleanType@22ee2d0
2022-03-20 19:44:36.521 [main] DEBUG org.hibernate.type.BasicTypeRegistry - Adding type registration java.lang.Boolean -> org.hibernate.type.BooleanType@22ee2d0
2022-03-20 19:44:36.521 [main] DEBUG org.hibernate.type.BasicTypeRegistry - Adding type registration numeric_boolean -> org.hibernate.type.NumericBooleanType@26f143ed
2022-03-20 19:44:36.522 [main] DEBUG org.hibernate.type.BasicTypeRegistry - Adding type registration true_false -> org.hibernate.type.TrueFalseType@54a3ab8f
2022-03-20 19:44:36.522 [main] DEBUG org.hibernate.type.BasicTypeRegistry - Adding type registration yes_no -> org.hibernate.type.YesNoType@50b0bc4c
2022-03-20 19:44:36.522 [main] DEBUG org.hibernate.type.BasicTypeRegistry - Adding type registration byte -> org.hibernate.type.ByteType@28fa700e
2022-03-20 19:44:36.522 [main] DEBUG org.hibernate.type.BasicTypeRegistry - Adding type registration byte -> org.hibernate.type.ByteType@28fa700e
2022-03-20 19:44:36.522 [main] DEBUG org.hibernate.type.BasicTypeRegistry - Adding type registration java.lang.Byte -> org.hibernate.type.ByteType@28fa700e
2022-03-20 19:44:36.523 [main] DEBUG org.hibernate.type.BasicTypeRegistry - Adding type registration character -> org.hibernate.type.CharacterType@4102b1b1
2022-03-20 19:44:36.523 [main] DEBUG org.hibernate.type.BasicTypeRegistry - Adding type registration char -> org.hibernate.type.CharacterType@4102b1b1
2022-03-20 19:44:36.523 [main] DEBUG org.hibernate.type.BasicTypeRegistry - Adding type registration java.lang.Character -> org.hibernate.type.CharacterType@4102b1b1
2022-03-20 19:44:36.524 [main] DEBUG org.hibernate.type.BasicTypeRegistry - Adding type registration short -> org.hibernate.type.ShortType@63a5e46c
2022-03-20 19:44:36.524 [main] DEBUG org.hibernate.type.BasicTypeRegistry - Adding type registration short -> org.hibernate.type.ShortType@63a5e46c
2022-03-20 19:44:36.524 [main] DEBUG org.hibernate.type.BasicTypeRegistry - Adding type registration java.lang.Short -> org.hibernate.type.ShortType@63a5e46c
2022-03-20 19:44:36.524 [main] DEBUG org.hibernate.type.BasicTypeRegistry - Adding type registration integer -> org.hibernate.type.IntegerType@eadb475
2022-03-20 19:44:36.524 [main] DEBUG org.hibernate.type.BasicTypeRegistry - Adding type registration int -> org.hibernate.type.IntegerType@eadb475
2022-03-20 19:44:36.525 [main] DEBUG org.hibernate.type.BasicTypeRegistry - Adding type registration java.lang.Integer -> org.hibernate.type.IntegerType@eadb475
2022-03-20 19:44:36.525 [main] DEBUG org.hibernate.type.BasicTypeRegistry - Adding type registration long -> org.hibernate.type.LongType@1e287667
2022-03-20 19:44:36.525 [main] DEBUG org.hibernate.type.BasicTypeRegistry - Adding type registration long -> org.hibernate.type.LongType@1e287667
2022-03-20 19:44:36.525 [main] DEBUG org.hibernate.type.BasicTypeRegistry - Adding type registration java.lang.Long -> org.hibernate.type.LongType@1e287667
2022-03-20 19:44:36.526 [main] DEBUG org.hibernate.type.BasicTypeRegistry - Adding type registration float -> org.hibernate.type.FloatType@308a6984
2022-03-20 19:44:36.526 [main] DEBUG org.hibernate.type.BasicTypeRegistry - Adding type registration float -> org.hibernate.type.FloatType@308a6984
2022-03-20 19:44:36.526 [main] DEBUG org.hibernate.type.BasicTypeRegistry - Adding type registration java.lang.Float -> org.hibernate.type.FloatType@308a6984
2022-03-20 19:44:36.526 [main] DEBUG org.hibernate.type.BasicTypeRegistry - Adding type registration double -> org.hibernate.type.DoubleType@bae47a0
2022-03-20 19:44:36.526 [main] DEBUG org.hibernate.type.BasicTypeRegistry - Adding type registration double -> org.hibernate.type.DoubleType@bae47a0
2022-03-20 19:44:36.526 [main] DEBUG org.hibernate.type.BasicTypeRegistry - Adding type registration java.lang.Double -> org.hibernate.type.DoubleType@bae47a0
2022-03-20 19:44:36.527 [main] DEBUG org.hibernate.type.BasicTypeRegistry - Adding type registration big_decimal -> org.hibernate.type.BigDecimalType@10567255
2022-03-20 19:44:36.527 [main] DEBUG org.hibernate.type.BasicTypeRegistry - Adding type registration java.math.BigDecimal -> org.hibernate.type.BigDecimalType@10567255
2022-03-20 19:44:36.527 [main] DEBUG org.hibernate.type.BasicTypeRegistry - Adding type registration big_integer -> org.hibernate.type.BigIntegerType@54336c81
2022-03-20 19:44:36.528 [main] DEBUG org.hibernate.type.BasicTypeRegistry - Adding type registration java.math.BigInteger -> org.hibernate.type.BigIntegerType@54336c81
2022-03-20 19:44:36.528 [main] DEBUG org.hibernate.type.BasicTypeRegistry - Adding type registration string -> org.hibernate.type.StringType@5a12c728
2022-03-20 19:44:36.528 [main] DEBUG org.hibernate.type.BasicTypeRegistry - Adding type registration java.lang.String -> org.hibernate.type.StringType@5a12c728
2022-03-20 19:44:36.528 [main] DEBUG org.hibernate.type.BasicTypeRegistry - Adding type registration nstring -> org.hibernate.type.StringNVarcharType@71652c98
2022-03-20 19:44:36.528 [main] DEBUG org.hibernate.type.BasicTypeRegistry - Adding type registration ncharacter -> org.hibernate.type.CharacterNCharType@117632cf
2022-03-20 19:44:36.529 [main] DEBUG org.hibernate.type.BasicTypeRegistry - Adding type registration url -> org.hibernate.type.UrlType@57dc9128
2022-03-20 19:44:36.529 [main] DEBUG org.hibernate.type.BasicTypeRegistry - Adding type registration java.net.URL -> org.hibernate.type.UrlType@57dc9128
2022-03-20 19:44:36.529 [main] DEBUG org.hibernate.type.BasicTypeRegistry - Adding type registration Duration -> org.hibernate.type.DurationType@704b2127
2022-03-20 19:44:36.529 [main] DEBUG org.hibernate.type.BasicTypeRegistry - Adding type registration java.time.Duration -> org.hibernate.type.DurationType@704b2127
2022-03-20 19:44:36.531 [main] DEBUG org.hibernate.type.BasicTypeRegistry - Adding type registration Instant -> org.hibernate.type.InstantType@3b718392
2022-03-20 19:44:36.531 [main] DEBUG org.hibernate.type.BasicTypeRegistry - Adding type registration java.time.Instant -> org.hibernate.type.InstantType@3b718392
2022-03-20 19:44:36.531 [main] DEBUG org.hibernate.type.BasicTypeRegistry - Adding type registration LocalDateTime -> org.hibernate.type.LocalDateTimeType@46292372
2022-03-20 19:44:36.531 [main] DEBUG org.hibernate.type.BasicTypeRegistry - Adding type registration java.time.LocalDateTime -> org.hibernate.type.LocalDateTimeType@46292372
2022-03-20 19:44:36.532 [main] DEBUG org.hibernate.type.BasicTypeRegistry - Adding type registration LocalDate -> org.hibernate.type.LocalDateType@36b6964d
2022-03-20 19:44:36.532 [main] DEBUG org.hibernate.type.BasicTypeRegistry - Adding type registration java.time.LocalDate -> org.hibernate.type.LocalDateType@36b6964d
2022-03-20 19:44:36.532 [main] DEBUG org.hibernate.type.BasicTypeRegistry - Adding type registration LocalTime -> org.hibernate.type.LocalTimeType@5dda14d0
2022-03-20 19:44:36.532 [main] DEBUG org.hibernate.type.BasicTypeRegistry - Adding type registration java.time.LocalTime -> org.hibernate.type.LocalTimeType@5dda14d0
2022-03-20 19:44:36.533 [main] DEBUG org.hibernate.type.BasicTypeRegistry - Adding type registration OffsetDateTime -> org.hibernate.type.OffsetDateTimeType@1ad777f
2022-03-20 19:44:36.533 [main] DEBUG org.hibernate.type.BasicTypeRegistry - Adding type registration java.time.OffsetDateTime -> org.hibernate.type.OffsetDateTimeType@1ad777f
2022-03-20 19:44:36.533 [main] DEBUG org.hibernate.type.BasicTypeRegistry - Adding type registration OffsetTime -> org.hibernate.type.OffsetTimeType@6979efad
2022-03-20 19:44:36.533 [main] DEBUG org.hibernate.type.BasicTypeRegistry - Adding type registration java.time.OffsetTime -> org.hibernate.type.OffsetTimeType@6979efad
2022-03-20 19:44:36.534 [main] DEBUG org.hibernate.type.BasicTypeRegistry - Adding type registration ZonedDateTime -> org.hibernate.type.ZonedDateTimeType@38d5b107
2022-03-20 19:44:36.534 [main] DEBUG org.hibernate.type.BasicTypeRegistry - Adding type registration java.time.ZonedDateTime -> org.hibernate.type.ZonedDateTimeType@38d5b107
2022-03-20 19:44:36.535 [main] DEBUG org.hibernate.type.BasicTypeRegistry - Adding type registration date -> org.hibernate.type.DateType@2899a8db
2022-03-20 19:44:36.535 [main] DEBUG org.hibernate.type.BasicTypeRegistry - Adding type registration java.sql.Date -> org.hibernate.type.DateType@2899a8db
2022-03-20 19:44:36.535 [main] DEBUG org.hibernate.type.BasicTypeRegistry - Adding type registration time -> org.hibernate.type.TimeType@2237bada
2022-03-20 19:44:36.535 [main] DEBUG org.hibernate.type.BasicTypeRegistry - Adding type registration java.sql.Time -> org.hibernate.type.TimeType@2237bada
2022-03-20 19:44:36.536 [main] DEBUG org.hibernate.type.BasicTypeRegistry - Adding type registration timestamp -> org.hibernate.type.TimestampType@5bf61e67
2022-03-20 19:44:36.536 [main] DEBUG org.hibernate.type.BasicTypeRegistry - Adding type registration java.sql.Timestamp -> org.hibernate.type.TimestampType@5bf61e67
2022-03-20 19:44:36.536 [main] DEBUG org.hibernate.type.BasicTypeRegistry - Adding type registration java.util.Date -> org.hibernate.type.TimestampType@5bf61e67
2022-03-20 19:44:36.537 [main] DEBUG org.hibernate.type.BasicTypeRegistry - Adding type registration dbtimestamp -> org.hibernate.type.DbTimestampType@251ebf23
2022-03-20 19:44:36.537 [main] DEBUG org.hibernate.type.BasicTypeRegistry - Adding type registration calendar -> org.hibernate.type.CalendarType@61019f59
2022-03-20 19:44:36.537 [main] DEBUG org.hibernate.type.BasicTypeRegistry - Adding type registration java.util.Calendar -> org.hibernate.type.CalendarType@61019f59
2022-03-20 19:44:36.537 [main] DEBUG org.hibernate.type.BasicTypeRegistry - Adding type registration java.util.GregorianCalendar -> org.hibernate.type.CalendarType@61019f59
2022-03-20 19:44:36.538 [main] DEBUG org.hibernate.type.BasicTypeRegistry - Adding type registration calendar_date -> org.hibernate.type.CalendarDateType@74518890
2022-03-20 19:44:36.538 [main] DEBUG org.hibernate.type.BasicTypeRegistry - Adding type registration calendar_time -> org.hibernate.type.CalendarTimeType@777c9dc9
2022-03-20 19:44:36.538 [main] DEBUG org.hibernate.type.BasicTypeRegistry - Adding type registration locale -> org.hibernate.type.LocaleType@9fecdf1
2022-03-20 19:44:36.538 [main] DEBUG org.hibernate.type.BasicTypeRegistry - Adding type registration java.util.Locale -> org.hibernate.type.LocaleType@9fecdf1
2022-03-20 19:44:36.539 [main] DEBUG org.hibernate.type.BasicTypeRegistry - Adding type registration currency -> org.hibernate.type.CurrencyType@55a8dc49
2022-03-20 19:44:36.539 [main] DEBUG org.hibernate.type.BasicTypeRegistry - Adding type registration java.util.Currency -> org.hibernate.type.CurrencyType@55a8dc49
2022-03-20 19:44:36.539 [main] DEBUG org.hibernate.type.BasicTypeRegistry - Adding type registration timezone -> org.hibernate.type.TimeZoneType@5fa47fea
2022-03-20 19:44:36.539 [main] DEBUG org.hibernate.type.BasicTypeRegistry - Adding type registration java.util.TimeZone -> org.hibernate.type.TimeZoneType@5fa47fea
2022-03-20 19:44:36.539 [main] DEBUG org.hibernate.type.BasicTypeRegistry - Adding type registration class -> org.hibernate.type.ClassType@4d666b41
2022-03-20 19:44:36.539 [main] DEBUG org.hibernate.type.BasicTypeRegistry - Adding type registration java.lang.Class -> org.hibernate.type.ClassType@4d666b41
2022-03-20 19:44:36.540 [main] DEBUG org.hibernate.type.BasicTypeRegistry - Adding type registration uuid-binary -> org.hibernate.type.UUIDBinaryType@350b3a17
2022-03-20 19:44:36.540 [main] DEBUG org.hibernate.type.BasicTypeRegistry - Adding type registration java.util.UUID -> org.hibernate.type.UUIDBinaryType@350b3a17
2022-03-20 19:44:36.540 [main] DEBUG org.hibernate.type.BasicTypeRegistry - Adding type registration uuid-char -> org.hibernate.type.UUIDCharType@1ea9f009
2022-03-20 19:44:36.540 [main] DEBUG org.hibernate.type.BasicTypeRegistry - Adding type registration binary -> org.hibernate.type.BinaryType@4f8caaf3
2022-03-20 19:44:36.540 [main] DEBUG org.hibernate.type.BasicTypeRegistry - Adding type registration byte[] -> org.hibernate.type.BinaryType@4f8caaf3
2022-03-20 19:44:36.540 [main] DEBUG org.hibernate.type.BasicTypeRegistry - Adding type registration [B -> org.hibernate.type.BinaryType@4f8caaf3
2022-03-20 19:44:36.541 [main] DEBUG org.hibernate.type.BasicTypeRegistry - Adding type registration wrapper-binary -> org.hibernate.type.WrapperBinaryType@678040b3
2022-03-20 19:44:36.541 [main] DEBUG org.hibernate.type.BasicTypeRegistry - Adding type registration Byte[] -> org.hibernate.type.WrapperBinaryType@678040b3
2022-03-20 19:44:36.541 [main] DEBUG org.hibernate.type.BasicTypeRegistry - Adding type registration [Ljava.lang.Byte; -> org.hibernate.type.WrapperBinaryType@678040b3
2022-03-20 19:44:36.541 [main] DEBUG org.hibernate.type.BasicTypeRegistry - Adding type registration row_version -> org.hibernate.type.RowVersionType@6aa648b9
2022-03-20 19:44:36.542 [main] DEBUG org.hibernate.type.BasicTypeRegistry - Adding type registration image -> org.hibernate.type.ImageType@50b1f030
2022-03-20 19:44:36.542 [main] DEBUG org.hibernate.type.BasicTypeRegistry - Adding type registration characters -> org.hibernate.type.CharArrayType@680bddf5
2022-03-20 19:44:36.542 [main] DEBUG org.hibernate.type.BasicTypeRegistry - Adding type registration char[] -> org.hibernate.type.CharArrayType@680bddf5
2022-03-20 19:44:36.542 [main] DEBUG org.hibernate.type.BasicTypeRegistry - Adding type registration [C -> org.hibernate.type.CharArrayType@680bddf5
2022-03-20 19:44:36.542 [main] DEBUG org.hibernate.type.BasicTypeRegistry - Adding type registration wrapper-characters -> org.hibernate.type.CharacterArrayType@26f1249d
2022-03-20 19:44:36.543 [main] DEBUG org.hibernate.type.BasicTypeRegistry - Adding type registration [Ljava.lang.Character; -> org.hibernate.type.CharacterArrayType@26f1249d
2022-03-20 19:44:36.543 [main] DEBUG org.hibernate.type.BasicTypeRegistry - Adding type registration Character[] -> org.hibernate.type.CharacterArrayType@26f1249d
2022-03-20 19:44:36.543 [main] DEBUG org.hibernate.type.BasicTypeRegistry - Adding type registration text -> org.hibernate.type.TextType@7cf7aee
2022-03-20 19:44:36.543 [main] DEBUG org.hibernate.type.BasicTypeRegistry - Adding type registration ntext -> org.hibernate.type.NTextType@64711bf2
2022-03-20 19:44:36.544 [main] DEBUG org.hibernate.type.BasicTypeRegistry - Adding type registration blob -> org.hibernate.type.BlobType@894858
2022-03-20 19:44:36.544 [main] DEBUG org.hibernate.type.BasicTypeRegistry - Adding type registration java.sql.Blob -> org.hibernate.type.BlobType@894858
2022-03-20 19:44:36.544 [main] DEBUG org.hibernate.type.BasicTypeRegistry - Adding type registration materialized_blob -> org.hibernate.type.MaterializedBlobType@74cf8b28
2022-03-20 19:44:36.544 [main] DEBUG org.hibernate.type.BasicTypeRegistry - Adding type registration clob -> org.hibernate.type.ClobType@6df20ade
2022-03-20 19:44:36.544 [main] DEBUG org.hibernate.type.BasicTypeRegistry - Adding type registration java.sql.Clob -> org.hibernate.type.ClobType@6df20ade
2022-03-20 19:44:36.545 [main] DEBUG org.hibernate.type.BasicTypeRegistry - Adding type registration nclob -> org.hibernate.type.NClobType@7f4d9395
2022-03-20 19:44:36.545 [main] DEBUG org.hibernate.type.BasicTypeRegistry - Adding type registration java.sql.NClob -> org.hibernate.type.NClobType@7f4d9395
2022-03-20 19:44:36.545 [main] DEBUG org.hibernate.type.BasicTypeRegistry - Adding type registration materialized_clob -> org.hibernate.type.MaterializedClobType@79c5636f
2022-03-20 19:44:36.545 [main] DEBUG org.hibernate.type.BasicTypeRegistry - Adding type registration materialized_nclob -> org.hibernate.type.MaterializedNClobType@757f675c
2022-03-20 19:44:36.546 [main] DEBUG org.hibernate.type.BasicTypeRegistry - Adding type registration serializable -> org.hibernate.type.SerializableType@33a053d
2022-03-20 19:44:36.547 [main] DEBUG org.hibernate.type.BasicTypeRegistry - Adding type registration object -> org.hibernate.type.ObjectType@46b695ec
2022-03-20 19:44:36.547 [main] DEBUG org.hibernate.type.BasicTypeRegistry - Adding type registration java.lang.Object -> org.hibernate.type.ObjectType@46b695ec
2022-03-20 19:44:36.547 [main] DEBUG org.hibernate.type.BasicTypeRegistry - Adding type registration imm_date -> org.hibernate.type.AdaptedImmutableType@63a5d002
2022-03-20 19:44:36.547 [main] DEBUG org.hibernate.type.BasicTypeRegistry - Adding type registration imm_time -> org.hibernate.type.AdaptedImmutableType@13cda7c9
2022-03-20 19:44:36.548 [main] DEBUG org.hibernate.type.BasicTypeRegistry - Adding type registration imm_timestamp -> org.hibernate.type.AdaptedImmutableType@5aa6202e
2022-03-20 19:44:36.548 [main] DEBUG org.hibernate.type.BasicTypeRegistry - Adding type registration imm_dbtimestamp -> org.hibernate.type.AdaptedImmutableType@3af9aa66
2022-03-20 19:44:36.548 [main] DEBUG org.hibernate.type.BasicTypeRegistry - Adding type registration imm_calendar -> org.hibernate.type.AdaptedImmutableType@771158fb
2022-03-20 19:44:36.548 [main] DEBUG org.hibernate.type.BasicTypeRegistry - Adding type registration imm_calendar_date -> org.hibernate.type.AdaptedImmutableType@91c4a3f
2022-03-20 19:44:36.548 [main] DEBUG org.hibernate.type.BasicTypeRegistry - Adding type registration imm_binary -> org.hibernate.type.AdaptedImmutableType@62d0ac62
2022-03-20 19:44:36.548 [main] DEBUG org.hibernate.type.BasicTypeRegistry - Adding type registration imm_serializable -> org.hibernate.type.AdaptedImmutableType@150d80c4
2022-03-20 19:44:36.558 [main] DEBUG org.hibernate.id.factory.internal.DefaultIdentifierGeneratorFactory - Registering IdentifierGenerator strategy [uuid2] -> [org.hibernate.id.UUIDGenerator]
2022-03-20 19:44:36.559 [main] DEBUG org.hibernate.id.factory.internal.DefaultIdentifierGeneratorFactory - Registering IdentifierGenerator strategy [guid] -> [org.hibernate.id.GUIDGenerator]
2022-03-20 19:44:36.559 [main] DEBUG org.hibernate.id.factory.internal.DefaultIdentifierGeneratorFactory - Registering IdentifierGenerator strategy [uuid] -> [org.hibernate.id.UUIDHexGenerator]
2022-03-20 19:44:36.559 [main] DEBUG org.hibernate.id.factory.internal.DefaultIdentifierGeneratorFactory - Registering IdentifierGenerator strategy [uuid.hex] -> [org.hibernate.id.UUIDHexGenerator]
2022-03-20 19:44:36.559 [main] DEBUG org.hibernate.id.factory.internal.DefaultIdentifierGeneratorFactory - Registering IdentifierGenerator strategy [assigned] -> [org.hibernate.id.Assigned]
2022-03-20 19:44:36.559 [main] DEBUG org.hibernate.id.factory.internal.DefaultIdentifierGeneratorFactory - Registering IdentifierGenerator strategy [identity] -> [org.hibernate.id.IdentityGenerator]
2022-03-20 19:44:36.559 [main] DEBUG org.hibernate.id.factory.internal.DefaultIdentifierGeneratorFactory - Registering IdentifierGenerator strategy [select] -> [org.hibernate.id.SelectGenerator]
2022-03-20 19:44:36.560 [main] DEBUG org.hibernate.id.factory.internal.DefaultIdentifierGeneratorFactory - Registering IdentifierGenerator strategy [sequence] -> [org.hibernate.id.enhanced.SequenceStyleGenerator]
2022-03-20 19:44:36.560 [main] DEBUG org.hibernate.id.factory.internal.DefaultIdentifierGeneratorFactory - Registering IdentifierGenerator strategy [seqhilo] -> [org.hibernate.id.SequenceHiLoGenerator]
2022-03-20 19:44:36.560 [main] DEBUG org.hibernate.id.factory.internal.DefaultIdentifierGeneratorFactory - Registering IdentifierGenerator strategy [increment] -> [org.hibernate.id.IncrementGenerator]
2022-03-20 19:44:36.561 [main] DEBUG org.hibernate.id.factory.internal.DefaultIdentifierGeneratorFactory - Registering IdentifierGenerator strategy [foreign] -> [org.hibernate.id.ForeignGenerator]
2022-03-20 19:44:36.561 [main] DEBUG org.hibernate.id.factory.internal.DefaultIdentifierGeneratorFactory - Registering IdentifierGenerator strategy [sequence-identity] -> [org.hibernate.id.SequenceIdentityGenerator]
2022-03-20 19:44:36.561 [main] DEBUG org.hibernate.id.factory.internal.DefaultIdentifierGeneratorFactory - Registering IdentifierGenerator strategy [enhanced-sequence] -> [org.hibernate.id.enhanced.SequenceStyleGenerator]
2022-03-20 19:44:36.561 [main] DEBUG org.hibernate.id.factory.internal.DefaultIdentifierGeneratorFactory - Registering IdentifierGenerator strategy [enhanced-table] -> [org.hibernate.id.enhanced.TableGenerator]
2022-03-20 19:44:36.669 [main] DEBUG org.hibernate.engine.jdbc.env.internal.JdbcEnvironmentInitiator - Database ->
       name : PostgreSQL
    version : 14.2
      major : 14
      minor : 2
2022-03-20 19:44:36.669 [main] DEBUG org.hibernate.engine.jdbc.env.internal.JdbcEnvironmentInitiator - Driver ->
       name : PostgreSQL JDBC Driver
    version : 42.3.3
      major : 42
      minor : 3
2022-03-20 19:44:36.670 [main] DEBUG org.hibernate.engine.jdbc.env.internal.JdbcEnvironmentInitiator - JDBC version : 4.2
2022-03-20 19:44:36.676 [main] INFO  org.hibernate.dialect.Dialect - HHH000400: Using dialect: org.hibernate.dialect.PostgreSQL10Dialect
2022-03-20 19:44:36.682 [main] DEBUG org.hibernate.engine.jdbc.env.spi.IdentifierHelperBuilder - JDBC driver metadata reported database stores quoted identifiers in neither upper, lower nor mixed case
2022-03-20 19:44:36.693 [main] DEBUG org.hibernate.type.BasicTypeRegistry - Adding type registration pg-uuid -> org.hibernate.type.PostgresUUIDType@69da0b12
2022-03-20 19:44:36.693 [main] DEBUG org.hibernate.type.BasicTypeRegistry - Adding type registration java.util.UUID -> org.hibernate.type.PostgresUUIDType@69da0b12
2022-03-20 19:44:36.693 [main] DEBUG org.hibernate.type.BasicTypeRegistry - HHH000270: Type registration [java.util.UUID] overrides previous : org.hibernate.type.UUIDBinaryType@350b3a17
2022-03-20 19:44:36.694 [main] DEBUG org.hibernate.type.spi.TypeConfiguration$Scope - Scoping TypeConfiguration [org.hibernate.type.spi.TypeConfiguration@4393593c] to MetadataBuildingContext [org.hibernate.boot.internal.MetadataBuildingContextRootImpl@314c8b4a]
2022-03-20 19:44:36.704 [main] DEBUG org.hibernate.boot.model.relational.Namespace - Created database namespace [logicalName=Name{catalog=null, schema=null}, physicalName=Name{catalog=null, schema=null}]
2022-03-20 19:44:36.720 [main] DEBUG org.hibernate.internal.SessionFactoryImpl - Building session factory
2022-03-20 19:44:36.720 [main] DEBUG org.hibernate.cfg.Settings - SessionFactory name : null
2022-03-20 19:44:36.720 [main] DEBUG org.hibernate.cfg.Settings - Automatic flush during beforeCompletion(): enabled
2022-03-20 19:44:36.720 [main] DEBUG org.hibernate.cfg.Settings - Automatic session close at end of transaction: disabled
2022-03-20 19:44:36.720 [main] DEBUG org.hibernate.cfg.Settings - Statistics: disabled
2022-03-20 19:44:36.720 [main] DEBUG org.hibernate.cfg.Settings - Deleted entity synthetic identifier rollback: disabled
2022-03-20 19:44:36.720 [main] DEBUG org.hibernate.cfg.Settings - Default entity-mode: pojo
2022-03-20 19:44:36.720 [main] DEBUG org.hibernate.cfg.Settings - Check Nullability in Core (should be disabled when Bean Validation is on): enabled
2022-03-20 19:44:36.720 [main] DEBUG org.hibernate.cfg.Settings - Allow initialization of lazy state outside session : disabled
2022-03-20 19:44:36.721 [main] DEBUG org.hibernate.cfg.Settings - Using BatchFetchStyle : LEGACY
2022-03-20 19:44:36.721 [main] DEBUG org.hibernate.cfg.Settings - Default batch fetch size: -1
2022-03-20 19:44:36.721 [main] DEBUG org.hibernate.cfg.Settings - Maximum outer join fetch depth: null
2022-03-20 19:44:36.721 [main] DEBUG org.hibernate.cfg.Settings - Default null ordering: NONE
2022-03-20 19:44:36.721 [main] DEBUG org.hibernate.cfg.Settings - Order SQL updates by primary key: disabled
2022-03-20 19:44:36.721 [main] DEBUG org.hibernate.cfg.Settings - Order SQL inserts for batching: disabled
2022-03-20 19:44:36.721 [main] DEBUG org.hibernate.cfg.Settings - multi-tenancy strategy : NONE
2022-03-20 19:44:36.721 [main] DEBUG org.hibernate.cfg.Settings - JTA Track by Thread: enabled
2022-03-20 19:44:36.721 [main] DEBUG org.hibernate.cfg.Settings - Query language substitutions: {}
2022-03-20 19:44:36.721 [main] DEBUG org.hibernate.cfg.Settings - Named query checking : enabled
2022-03-20 19:44:36.721 [main] DEBUG org.hibernate.cfg.Settings - Second-level cache: disabled
2022-03-20 19:44:36.721 [main] DEBUG org.hibernate.cfg.Settings - Second-level query cache: disabled
2022-03-20 19:44:36.721 [main] DEBUG org.hibernate.cfg.Settings - Second-level query cache factory: null
2022-03-20 19:44:36.721 [main] DEBUG org.hibernate.cfg.Settings - Second-level cache region prefix: null
2022-03-20 19:44:36.721 [main] DEBUG org.hibernate.cfg.Settings - Optimize second-level cache for minimal puts: disabled
2022-03-20 19:44:36.721 [main] DEBUG org.hibernate.cfg.Settings - Structured second-level cache entries: disabled
2022-03-20 19:44:36.721 [main] DEBUG org.hibernate.cfg.Settings - Second-level cache direct-reference entries: disabled
2022-03-20 19:44:36.721 [main] DEBUG org.hibernate.cfg.Settings - Automatic eviction of collection cache: disabled
2022-03-20 19:44:36.721 [main] DEBUG org.hibernate.cfg.Settings - JDBC batch size: 15
2022-03-20 19:44:36.721 [main] DEBUG org.hibernate.cfg.Settings - JDBC batch updates for versioned data: enabled
2022-03-20 19:44:36.722 [main] DEBUG org.hibernate.cfg.Settings - Scrollable result sets: enabled
2022-03-20 19:44:36.722 [main] DEBUG org.hibernate.cfg.Settings - Wrap result sets: disabled
2022-03-20 19:44:36.722 [main] DEBUG org.hibernate.cfg.Settings - JDBC3 getGeneratedKeys(): enabled
2022-03-20 19:44:36.722 [main] DEBUG org.hibernate.cfg.Settings - JDBC result set fetch size: null
2022-03-20 19:44:36.722 [main] DEBUG org.hibernate.cfg.Settings - Connection release mode: AFTER_TRANSACTION
2022-03-20 19:44:36.722 [main] DEBUG org.hibernate.cfg.Settings - Generate SQL with comments: disabled
2022-03-20 19:44:36.722 [main] DEBUG org.hibernate.cfg.Settings - JPA compliance - query : disabled
2022-03-20 19:44:36.722 [main] DEBUG org.hibernate.cfg.Settings - JPA compliance - closed-handling : disabled
2022-03-20 19:44:36.722 [main] DEBUG org.hibernate.cfg.Settings - JPA compliance - lists : disabled
2022-03-20 19:44:36.722 [main] DEBUG org.hibernate.cfg.Settings - JPA compliance - transactions : disabled
2022-03-20 19:44:36.739 [main] DEBUG org.hibernate.service.internal.SessionFactoryServiceRegistryImpl - EventListenerRegistry access via ServiceRegistry is deprecated.  Use `sessionFactory.getEventEngine().getListenerRegistry()` instead
2022-03-20 19:44:36.740 [main] DEBUG org.hibernate.service.internal.SessionFactoryServiceRegistryImpl - EventListenerRegistry access via ServiceRegistry is deprecated.  Use `sessionFactory.getEventEngine().getListenerRegistry()` instead
2022-03-20 19:44:36.746 [main] DEBUG org.hibernate.internal.SessionFactoryImpl - Session factory constructed with filter configurations : {}
2022-03-20 19:44:36.746 [main] DEBUG org.hibernate.internal.SessionFactoryImpl - Instantiating session factory with properties: {java.specification.version=17, sun.jnu.encoding=UTF-8, hibernate.dialect=org.hibernate.dialect.PostgreSQL10Dialect, java.class.path=/Users/kirillborichevskiy/Desktop/HouseStreamAPI/target/classes:/Users/kirillborichevskiy/.m2/repository/org/apache/logging/log4j/log4j-api/2.17.1/log4j-api-2.17.1.jar:/Users/kirillborichevskiy/.m2/repository/org/apache/logging/log4j/log4j-core/2.17.1/log4j-core-2.17.1.jar:/Users/kirillborichevskiy/.m2/repository/org/postgresql/postgresql/42.3.3/postgresql-42.3.3.jar:/Users/kirillborichevskiy/.m2/repository/org/checkerframework/checker-qual/3.5.0/checker-qual-3.5.0.jar:/Users/kirillborichevskiy/.m2/repository/org/hibernate/hibernate-vibur/5.6.7.Final/hibernate-vibur-5.6.7.Final.jar:/Users/kirillborichevskiy/.m2/repository/org/jboss/logging/jboss-logging/3.4.3.Final/jboss-logging-3.4.3.Final.jar:/Users/kirillborichevskiy/.m2/repository/org/hibernate/hibernate-core/5.6.7.Final/hibernate-core-5.6.7.Final.jar:/Users/kirillborichevskiy/.m2/repository/javax/persistence/javax.persistence-api/2.2/javax.persistence-api-2.2.jar:/Users/kirillborichevskiy/.m2/repository/net/bytebuddy/byte-buddy/1.12.8/byte-buddy-1.12.8.jar:/Users/kirillborichevskiy/.m2/repository/antlr/antlr/2.7.7/antlr-2.7.7.jar:/Users/kirillborichevskiy/.m2/repository/org/jboss/spec/javax/transaction/jboss-transaction-api_1.2_spec/1.1.1.Final/jboss-transaction-api_1.2_spec-1.1.1.Final.jar:/Users/kirillborichevskiy/.m2/repository/org/jboss/jandex/2.4.2.Final/jandex-2.4.2.Final.jar:/Users/kirillborichevskiy/.m2/repository/com/fasterxml/classmate/1.5.1/classmate-1.5.1.jar:/Users/kirillborichevskiy/.m2/repository/javax/activation/javax.activation-api/1.2.0/javax.activation-api-1.2.0.jar:/Users/kirillborichevskiy/.m2/repository/org/hibernate/common/hibernate-commons-annotations/5.1.2.Final/hibernate-commons-annotations-5.1.2.Final.jar:/Users/kirillborichevskiy/.m2/repository/javax/xml/bind/jaxb-api/2.3.1/jaxb-api-2.3.1.jar:/Users/kirillborichevskiy/.m2/repository/org/glassfish/jaxb/jaxb-runtime/2.3.1/jaxb-runtime-2.3.1.jar:/Users/kirillborichevskiy/.m2/repository/org/glassfish/jaxb/txw2/2.3.1/txw2-2.3.1.jar:/Users/kirillborichevskiy/.m2/repository/com/sun/istack/istack-commons-runtime/3.0.7/istack-commons-runtime-3.0.7.jar:/Users/kirillborichevskiy/.m2/repository/org/jvnet/staxex/stax-ex/1.8/stax-ex-1.8.jar:/Users/kirillborichevskiy/.m2/repository/com/sun/xml/fastinfoset/FastInfoset/1.2.15/FastInfoset-1.2.15.jar:/Users/kirillborichevskiy/.m2/repository/org/vibur/vibur-dbcp/25.0/vibur-dbcp-25.0.jar:/Users/kirillborichevskiy/.m2/repository/org/vibur/vibur-object-pool/25.0/vibur-object-pool-25.0.jar:/Users/kirillborichevskiy/.m2/repository/org/slf4j/slf4j-api/1.7.13/slf4j-api-1.7.13.jar, java.vm.vendor=Oracle Corporation, sun.arch.data.model=64, java.vendor.url=https://java.oracle.com/, user.timezone=Europe/Minsk, java.vm.specification.version=17, os.name=Mac OS X, sun.java.launcher=SUN_STANDARD, user.country=BY, sun.boot.library.path=/Library/Java/JavaVirtualMachines/jdk-17.0.2.jdk/Contents/Home/lib, sun.java.command=com.kigya.main.Main, http.nonProxyHosts=local|*.local|169.254/16|*.169.254/16, jdk.debug=release, sun.cpu.endian=little, user.home=/Users/kirillborichevskiy, user.language=en, java.specification.vendor=Oracle Corporation, java.version.date=2022-01-18, java.home=/Library/Java/JavaVirtualMachines/jdk-17.0.2.jdk/Contents/Home, file.separator=/, java.vm.compressedOopsMode=Zero based, line.separator=
, java.vm.specification.vendor=Oracle Corporation, java.specification.name=Java Platform API Specification, sun.management.compiler=HotSpot 64-Bit Tiered Compilers, ftp.nonProxyHosts=local|*.local|169.254/16|*.169.254/16, java.runtime.version=17.0.2+8-LTS-86, user.name=kirillborichevskiy, path.separator=:, hibernate.connection.username=****, os.version=12.3, java.runtime.name=Java(TM) SE Runtime Environment, hibernate.connection.url=jdbc:postgresql://localhost:5432/java_labs, file.encoding=UTF-8, java.vm.name=Java HotSpot(TM) 64-Bit Server VM, hibernate.show_sql=true, show_sql=true, hibernate.connection.driver_class=org.postgresql.Driver, java.vendor.url.bug=https://bugreport.java.com/bugreport/, java.io.tmpdir=/var/folders/83/p478mr1d52176137q4nk8qnc0000gn/T/, java.version=17.0.2, user.dir=/Users/kirillborichevskiy/Desktop/HouseStreamAPI, os.arch=aarch64, java.vm.specification.name=Java Virtual Machine Specification, hibernate.connection.password=****, hibernate.boot.CfgXmlAccessService.key=org.hibernate.boot.cfgxml.spi.LoadedConfig@4acb2510, native.encoding=UTF-8, java.library.path=/Users/kirillborichevskiy/Library/Java/Extensions:/Library/Java/Extensions:/Network/Library/Java/Extensions:/System/Library/Java/Extensions:/usr/lib/java:., java.vendor=Oracle Corporation, java.vm.info=mixed mode, sharing, java.vm.version=17.0.2+8-LTS-86, hibernate.bytecode.use_reflection_optimizer=false, sun.io.unicode.encoding=UnicodeBig, socksNonProxyHosts=local|*.local|169.254/16|*.169.254/16, java.class.version=61.0}
2022-03-20 19:44:36.751 [main] DEBUG org.hibernate.secure.spi.JaccIntegrator - Skipping JACC integration as it was not enabled
2022-03-20 19:44:36.752 [main] DEBUG org.hibernate.internal.SessionFactoryImpl - Instantiated session factory
2022-03-20 19:44:36.752 [main] DEBUG org.hibernate.type.spi.TypeConfiguration$Scope - Scoping TypeConfiguration [org.hibernate.type.spi.TypeConfiguration@4393593c] to SessionFactoryImpl [org.hibernate.internal.SessionFactoryImpl@5b051a5c]
2022-03-20 19:44:36.767 [main] DEBUG org.hibernate.tool.schema.spi.SchemaManagementToolCoordinator - No schema actions specified
2022-03-20 19:44:36.767 [main] DEBUG org.hibernate.tool.schema.spi.SchemaManagementToolCoordinator - No actions specified; doing nothing
2022-03-20 19:44:36.767 [main] DEBUG org.hibernate.engine.transaction.jta.platform.internal.JtaPlatformInitiator - No JtaPlatform was specified, checking resolver
2022-03-20 19:44:36.767 [main] DEBUG org.hibernate.engine.transaction.jta.platform.internal.JtaPlatformResolverInitiator - No JtaPlatformResolver was specified, using default [org.hibernate.engine.transaction.jta.platform.internal.StandardJtaPlatformResolver]
2022-03-20 19:44:36.768 [main] DEBUG org.hibernate.engine.transaction.jta.platform.internal.StandardJtaPlatformResolver - Could not resolve JtaPlatform, using default [org.hibernate.engine.transaction.jta.platform.internal.NoJtaPlatform]
2022-03-20 19:44:36.768 [main] INFO  org.hibernate.engine.transaction.jta.platform.internal.JtaPlatformInitiator - HHH000490: Using JtaPlatform implementation: [org.hibernate.engine.transaction.jta.platform.internal.NoJtaPlatform]
2022-03-20 19:44:36.769 [main] DEBUG org.hibernate.query.spi.NamedQueryRepository - Checking 0 named HQL queries
2022-03-20 19:44:36.769 [main] DEBUG org.hibernate.query.spi.NamedQueryRepository - Checking 0 named SQL queries
2022-03-20 19:44:36.770 [main] DEBUG org.hibernate.service.internal.SessionFactoryServiceRegistryImpl - EventListenerRegistry access via ServiceRegistry is deprecated.  Use `sessionFactory.getEventEngine().getListenerRegistry()` instead
2022-03-20 19:44:36.772 [main] DEBUG org.hibernate.internal.SessionFactoryRegistry - Initializing SessionFactoryRegistry : org.hibernate.internal.SessionFactoryRegistry@4cdb8504
2022-03-20 19:44:36.773 [main] DEBUG org.hibernate.internal.SessionFactoryRegistry - Registering SessionFactory: e9e140c2-eaf9-43f1-a8ac-c5fc7907c396 (<unnamed>)
2022-03-20 19:44:36.773 [main] DEBUG org.hibernate.internal.SessionFactoryRegistry - Not binding SessionFactory to JNDI, no JNDI name configured
2022-03-20 19:44:36.796 [main] DEBUG org.hibernate.stat.internal.StatisticsInitiator - Statistics initialized [enabled=false]
2022-03-20 19:44:36.799 [main] DEBUG org.hibernate.internal.SessionFactoryImpl - HHH000031: Closing
2022-03-20 19:44:36.799 [main] DEBUG org.hibernate.type.spi.TypeConfiguration$Scope - Un-scoping TypeConfiguration [org.hibernate.type.spi.TypeConfiguration$Scope@767191b1] from SessionFactory [org.hibernate.internal.SessionFactoryImpl@5b051a5c]
2022-03-20 19:44:36.800 [main] DEBUG org.hibernate.service.internal.AbstractServiceRegistryImpl - Implicitly destroying ServiceRegistry on de-registration of all child ServiceRegistries
2022-03-20 19:44:36.802 [main] DEBUG org.hibernate.boot.registry.internal.BootstrapServiceRegistryImpl - Implicitly destroying Boot-strap registry on de-registration of all child ServiceRegistries
2022-03-20 19:47:00.260 [main] DEBUG org.jboss.logging - Logging Provider: org.jboss.logging.Log4j2LoggerProvider
2022-03-20 19:47:00.264 [main] DEBUG org.hibernate.integrator.internal.IntegratorServiceImpl - Adding Integrator [org.hibernate.cfg.beanvalidation.BeanValidationIntegrator].
2022-03-20 19:47:00.264 [main] DEBUG org.hibernate.integrator.internal.IntegratorServiceImpl - Adding Integrator [org.hibernate.secure.spi.JaccIntegrator].
2022-03-20 19:47:00.266 [main] DEBUG org.hibernate.integrator.internal.IntegratorServiceImpl - Adding Integrator [org.hibernate.cache.internal.CollectionCacheInvalidator].
2022-03-20 19:47:00.277 [main] INFO  org.hibernate.Version - HHH000412: Hibernate ORM core version 5.6.7.Final
2022-03-20 19:47:00.278 [main] DEBUG org.hibernate.cfg.Environment - HHH000206: hibernate.properties not found
2022-03-20 19:47:00.350 [main] DEBUG org.hibernate.boot.jaxb.internal.stax.LocalXmlResourceResolver - Interpreting public/system identifier : [-//Hibernate/Hibernate Configuration DTD//EN] - [http://www.hibernate.org/dtd/hibernate-configuration-3.0.dtd]
2022-03-20 19:47:00.351 [main] DEBUG org.hibernate.boot.jaxb.internal.stax.LocalXmlResourceResolver - Recognized hibernate-configuration identifier; attempting to resolve on classpath under org/hibernate/
2022-03-20 19:47:00.355 [main] DEBUG org.hibernate.boot.cfgxml.internal.JaxbCfgProcessor - cfg.xml document did not define namespaces; wrapping in custom event reader to introduce namespace information
2022-03-20 19:47:00.436 [main] DEBUG org.hibernate.cfg.Configuration - Building session factory using internal StandardServiceRegistryBuilder
2022-03-20 19:47:00.438 [main] DEBUG org.hibernate.service.spi.ServiceBinding - Overriding existing service binding [org.hibernate.secure.spi.JaccService]
2022-03-20 19:47:00.439 [main] DEBUG org.hibernate.cfg.Configuration - Building session factory using provided StandardServiceRegistry
2022-03-20 19:47:00.444 [main] DEBUG org.hibernate.cache.internal.RegionFactoryInitiator - Cannot default RegionFactory based on registered strategies as `[]` RegionFactory strategies were registered
2022-03-20 19:47:00.444 [main] DEBUG org.hibernate.cache.internal.RegionFactoryInitiator - Cache region factory : org.hibernate.cache.internal.NoCachingRegionFactory
2022-03-20 19:47:00.453 [main] INFO  org.hibernate.annotations.common.Version - HCANN000001: Hibernate Commons Annotations {5.1.2.Final}
2022-03-20 19:47:00.471 [main] DEBUG org.hibernate.type.BasicTypeRegistry - Adding type registration boolean -> org.hibernate.type.BooleanType@3e792ce3
2022-03-20 19:47:00.471 [main] DEBUG org.hibernate.type.BasicTypeRegistry - Adding type registration boolean -> org.hibernate.type.BooleanType@3e792ce3
2022-03-20 19:47:00.471 [main] DEBUG org.hibernate.type.BasicTypeRegistry - Adding type registration java.lang.Boolean -> org.hibernate.type.BooleanType@3e792ce3
2022-03-20 19:47:00.472 [main] DEBUG org.hibernate.type.BasicTypeRegistry - Adding type registration numeric_boolean -> org.hibernate.type.NumericBooleanType@4b770e40
2022-03-20 19:47:00.472 [main] DEBUG org.hibernate.type.BasicTypeRegistry - Adding type registration true_false -> org.hibernate.type.TrueFalseType@6a1ebcff
2022-03-20 19:47:00.472 [main] DEBUG org.hibernate.type.BasicTypeRegistry - Adding type registration yes_no -> org.hibernate.type.YesNoType@13c612bd
2022-03-20 19:47:00.473 [main] DEBUG org.hibernate.type.BasicTypeRegistry - Adding type registration byte -> org.hibernate.type.ByteType@e041f0c
2022-03-20 19:47:00.473 [main] DEBUG org.hibernate.type.BasicTypeRegistry - Adding type registration byte -> org.hibernate.type.ByteType@e041f0c
2022-03-20 19:47:00.473 [main] DEBUG org.hibernate.type.BasicTypeRegistry - Adding type registration java.lang.Byte -> org.hibernate.type.ByteType@e041f0c
2022-03-20 19:47:00.473 [main] DEBUG org.hibernate.type.BasicTypeRegistry - Adding type registration character -> org.hibernate.type.CharacterType@3a71c100
2022-03-20 19:47:00.473 [main] DEBUG org.hibernate.type.BasicTypeRegistry - Adding type registration char -> org.hibernate.type.CharacterType@3a71c100
2022-03-20 19:47:00.473 [main] DEBUG org.hibernate.type.BasicTypeRegistry - Adding type registration java.lang.Character -> org.hibernate.type.CharacterType@3a71c100
2022-03-20 19:47:00.474 [main] DEBUG org.hibernate.type.BasicTypeRegistry - Adding type registration short -> org.hibernate.type.ShortType@49ef32e0
2022-03-20 19:47:00.474 [main] DEBUG org.hibernate.type.BasicTypeRegistry - Adding type registration short -> org.hibernate.type.ShortType@49ef32e0
2022-03-20 19:47:00.474 [main] DEBUG org.hibernate.type.BasicTypeRegistry - Adding type registration java.lang.Short -> org.hibernate.type.ShortType@49ef32e0
2022-03-20 19:47:00.475 [main] DEBUG org.hibernate.type.BasicTypeRegistry - Adding type registration integer -> org.hibernate.type.IntegerType@315df4bb
2022-03-20 19:47:00.475 [main] DEBUG org.hibernate.type.BasicTypeRegistry - Adding type registration int -> org.hibernate.type.IntegerType@315df4bb
2022-03-20 19:47:00.475 [main] DEBUG org.hibernate.type.BasicTypeRegistry - Adding type registration java.lang.Integer -> org.hibernate.type.IntegerType@315df4bb
2022-03-20 19:47:00.475 [main] DEBUG org.hibernate.type.BasicTypeRegistry - Adding type registration long -> org.hibernate.type.LongType@4201a617
2022-03-20 19:47:00.475 [main] DEBUG org.hibernate.type.BasicTypeRegistry - Adding type registration long -> org.hibernate.type.LongType@4201a617
2022-03-20 19:47:00.475 [main] DEBUG org.hibernate.type.BasicTypeRegistry - Adding type registration java.lang.Long -> org.hibernate.type.LongType@4201a617
2022-03-20 19:47:00.476 [main] DEBUG org.hibernate.type.BasicTypeRegistry - Adding type registration float -> org.hibernate.type.FloatType@7a34b7b8
2022-03-20 19:47:00.476 [main] DEBUG org.hibernate.type.BasicTypeRegistry - Adding type registration float -> org.hibernate.type.FloatType@7a34b7b8
2022-03-20 19:47:00.476 [main] DEBUG org.hibernate.type.BasicTypeRegistry - Adding type registration java.lang.Float -> org.hibernate.type.FloatType@7a34b7b8
2022-03-20 19:47:00.477 [main] DEBUG org.hibernate.type.BasicTypeRegistry - Adding type registration double -> org.hibernate.type.DoubleType@85ec632
2022-03-20 19:47:00.477 [main] DEBUG org.hibernate.type.BasicTypeRegistry - Adding type registration double -> org.hibernate.type.DoubleType@85ec632
2022-03-20 19:47:00.477 [main] DEBUG org.hibernate.type.BasicTypeRegistry - Adding type registration java.lang.Double -> org.hibernate.type.DoubleType@85ec632
2022-03-20 19:47:00.477 [main] DEBUG org.hibernate.type.BasicTypeRegistry - Adding type registration big_decimal -> org.hibernate.type.BigDecimalType@1c4ee95c
2022-03-20 19:47:00.477 [main] DEBUG org.hibernate.type.BasicTypeRegistry - Adding type registration java.math.BigDecimal -> org.hibernate.type.BigDecimalType@1c4ee95c
2022-03-20 19:47:00.477 [main] DEBUG org.hibernate.type.BasicTypeRegistry - Adding type registration big_integer -> org.hibernate.type.BigIntegerType@35e52059
2022-03-20 19:47:00.478 [main] DEBUG org.hibernate.type.BasicTypeRegistry - Adding type registration java.math.BigInteger -> org.hibernate.type.BigIntegerType@35e52059
2022-03-20 19:47:00.478 [main] DEBUG org.hibernate.type.BasicTypeRegistry - Adding type registration string -> org.hibernate.type.StringType@6e5bfdfc
2022-03-20 19:47:00.478 [main] DEBUG org.hibernate.type.BasicTypeRegistry - Adding type registration java.lang.String -> org.hibernate.type.StringType@6e5bfdfc
2022-03-20 19:47:00.478 [main] DEBUG org.hibernate.type.BasicTypeRegistry - Adding type registration nstring -> org.hibernate.type.StringNVarcharType@60b85ba1
2022-03-20 19:47:00.478 [main] DEBUG org.hibernate.type.BasicTypeRegistry - Adding type registration ncharacter -> org.hibernate.type.CharacterNCharType@d71adc2
2022-03-20 19:47:00.479 [main] DEBUG org.hibernate.type.BasicTypeRegistry - Adding type registration url -> org.hibernate.type.UrlType@17ae98d7
2022-03-20 19:47:00.479 [main] DEBUG org.hibernate.type.BasicTypeRegistry - Adding type registration java.net.URL -> org.hibernate.type.UrlType@17ae98d7
2022-03-20 19:47:00.479 [main] DEBUG org.hibernate.type.BasicTypeRegistry - Adding type registration Duration -> org.hibernate.type.DurationType@5d332969
2022-03-20 19:47:00.480 [main] DEBUG org.hibernate.type.BasicTypeRegistry - Adding type registration java.time.Duration -> org.hibernate.type.DurationType@5d332969
2022-03-20 19:47:00.481 [main] DEBUG org.hibernate.type.BasicTypeRegistry - Adding type registration Instant -> org.hibernate.type.InstantType@1f2d2181
2022-03-20 19:47:00.481 [main] DEBUG org.hibernate.type.BasicTypeRegistry - Adding type registration java.time.Instant -> org.hibernate.type.InstantType@1f2d2181
2022-03-20 19:47:00.482 [main] DEBUG org.hibernate.type.BasicTypeRegistry - Adding type registration LocalDateTime -> org.hibernate.type.LocalDateTimeType@6c44052e
2022-03-20 19:47:00.482 [main] DEBUG org.hibernate.type.BasicTypeRegistry - Adding type registration java.time.LocalDateTime -> org.hibernate.type.LocalDateTimeType@6c44052e
2022-03-20 19:47:00.482 [main] DEBUG org.hibernate.type.BasicTypeRegistry - Adding type registration LocalDate -> org.hibernate.type.LocalDateType@9257031
2022-03-20 19:47:00.482 [main] DEBUG org.hibernate.type.BasicTypeRegistry - Adding type registration java.time.LocalDate -> org.hibernate.type.LocalDateType@9257031
2022-03-20 19:47:00.483 [main] DEBUG org.hibernate.type.BasicTypeRegistry - Adding type registration LocalTime -> org.hibernate.type.LocalTimeType@3d9fc57a
2022-03-20 19:47:00.483 [main] DEBUG org.hibernate.type.BasicTypeRegistry - Adding type registration java.time.LocalTime -> org.hibernate.type.LocalTimeType@3d9fc57a
2022-03-20 19:47:00.483 [main] DEBUG org.hibernate.type.BasicTypeRegistry - Adding type registration OffsetDateTime -> org.hibernate.type.OffsetDateTimeType@438bad7c
2022-03-20 19:47:00.483 [main] DEBUG org.hibernate.type.BasicTypeRegistry - Adding type registration java.time.OffsetDateTime -> org.hibernate.type.OffsetDateTimeType@438bad7c
2022-03-20 19:47:00.484 [main] DEBUG org.hibernate.type.BasicTypeRegistry - Adding type registration OffsetTime -> org.hibernate.type.OffsetTimeType@4a67318f
2022-03-20 19:47:00.484 [main] DEBUG org.hibernate.type.BasicTypeRegistry - Adding type registration java.time.OffsetTime -> org.hibernate.type.OffsetTimeType@4a67318f
2022-03-20 19:47:00.485 [main] DEBUG org.hibernate.type.BasicTypeRegistry - Adding type registration ZonedDateTime -> org.hibernate.type.ZonedDateTimeType@44ea608c
2022-03-20 19:47:00.485 [main] DEBUG org.hibernate.type.BasicTypeRegistry - Adding type registration java.time.ZonedDateTime -> org.hibernate.type.ZonedDateTimeType@44ea608c
2022-03-20 19:47:00.485 [main] DEBUG org.hibernate.type.BasicTypeRegistry - Adding type registration date -> org.hibernate.type.DateType@c1a4620
2022-03-20 19:47:00.485 [main] DEBUG org.hibernate.type.BasicTypeRegistry - Adding type registration java.sql.Date -> org.hibernate.type.DateType@c1a4620
2022-03-20 19:47:00.486 [main] DEBUG org.hibernate.type.BasicTypeRegistry - Adding type registration time -> org.hibernate.type.TimeType@5710768a
2022-03-20 19:47:00.486 [main] DEBUG org.hibernate.type.BasicTypeRegistry - Adding type registration java.sql.Time -> org.hibernate.type.TimeType@5710768a
2022-03-20 19:47:00.486 [main] DEBUG org.hibernate.type.BasicTypeRegistry - Adding type registration timestamp -> org.hibernate.type.TimestampType@b273a59
2022-03-20 19:47:00.486 [main] DEBUG org.hibernate.type.BasicTypeRegistry - Adding type registration java.sql.Timestamp -> org.hibernate.type.TimestampType@b273a59
2022-03-20 19:47:00.486 [main] DEBUG org.hibernate.type.BasicTypeRegistry - Adding type registration java.util.Date -> org.hibernate.type.TimestampType@b273a59
2022-03-20 19:47:00.487 [main] DEBUG org.hibernate.type.BasicTypeRegistry - Adding type registration dbtimestamp -> org.hibernate.type.DbTimestampType@1b70203f
2022-03-20 19:47:00.487 [main] DEBUG org.hibernate.type.BasicTypeRegistry - Adding type registration calendar -> org.hibernate.type.CalendarType@26f3d90c
2022-03-20 19:47:00.488 [main] DEBUG org.hibernate.type.BasicTypeRegistry - Adding type registration java.util.Calendar -> org.hibernate.type.CalendarType@26f3d90c
2022-03-20 19:47:00.488 [main] DEBUG org.hibernate.type.BasicTypeRegistry - Adding type registration java.util.GregorianCalendar -> org.hibernate.type.CalendarType@26f3d90c
2022-03-20 19:47:00.488 [main] DEBUG org.hibernate.type.BasicTypeRegistry - Adding type registration calendar_date -> org.hibernate.type.CalendarDateType@3f3ddbd9
2022-03-20 19:47:00.488 [main] DEBUG org.hibernate.type.BasicTypeRegistry - Adding type registration calendar_time -> org.hibernate.type.CalendarTimeType@73e132e0
2022-03-20 19:47:00.489 [main] DEBUG org.hibernate.type.BasicTypeRegistry - Adding type registration locale -> org.hibernate.type.LocaleType@3b0f7d9d
2022-03-20 19:47:00.489 [main] DEBUG org.hibernate.type.BasicTypeRegistry - Adding type registration java.util.Locale -> org.hibernate.type.LocaleType@3b0f7d9d
2022-03-20 19:47:00.489 [main] DEBUG org.hibernate.type.BasicTypeRegistry - Adding type registration currency -> org.hibernate.type.CurrencyType@53cdecf6
2022-03-20 19:47:00.489 [main] DEBUG org.hibernate.type.BasicTypeRegistry - Adding type registration java.util.Currency -> org.hibernate.type.CurrencyType@53cdecf6
2022-03-20 19:47:00.489 [main] DEBUG org.hibernate.type.BasicTypeRegistry - Adding type registration timezone -> org.hibernate.type.TimeZoneType@5b43e173
2022-03-20 19:47:00.489 [main] DEBUG org.hibernate.type.BasicTypeRegistry - Adding type registration java.util.TimeZone -> org.hibernate.type.TimeZoneType@5b43e173
2022-03-20 19:47:00.490 [main] DEBUG org.hibernate.type.BasicTypeRegistry - Adding type registration class -> org.hibernate.type.ClassType@30f4b1a6
2022-03-20 19:47:00.490 [main] DEBUG org.hibernate.type.BasicTypeRegistry - Adding type registration java.lang.Class -> org.hibernate.type.ClassType@30f4b1a6
2022-03-20 19:47:00.490 [main] DEBUG org.hibernate.type.BasicTypeRegistry - Adding type registration uuid-binary -> org.hibernate.type.UUIDBinaryType@669d2b1b
2022-03-20 19:47:00.490 [main] DEBUG org.hibernate.type.BasicTypeRegistry - Adding type registration java.util.UUID -> org.hibernate.type.UUIDBinaryType@669d2b1b
2022-03-20 19:47:00.490 [main] DEBUG org.hibernate.type.BasicTypeRegistry - Adding type registration uuid-char -> org.hibernate.type.UUIDCharType@5298dead
2022-03-20 19:47:00.491 [main] DEBUG org.hibernate.type.BasicTypeRegistry - Adding type registration binary -> org.hibernate.type.BinaryType@15b986cd
2022-03-20 19:47:00.491 [main] DEBUG org.hibernate.type.BasicTypeRegistry - Adding type registration byte[] -> org.hibernate.type.BinaryType@15b986cd
2022-03-20 19:47:00.491 [main] DEBUG org.hibernate.type.BasicTypeRegistry - Adding type registration [B -> org.hibernate.type.BinaryType@15b986cd
2022-03-20 19:47:00.491 [main] DEBUG org.hibernate.type.BasicTypeRegistry - Adding type registration wrapper-binary -> org.hibernate.type.WrapperBinaryType@64a1923a
2022-03-20 19:47:00.491 [main] DEBUG org.hibernate.type.BasicTypeRegistry - Adding type registration Byte[] -> org.hibernate.type.WrapperBinaryType@64a1923a
2022-03-20 19:47:00.491 [main] DEBUG org.hibernate.type.BasicTypeRegistry - Adding type registration [Ljava.lang.Byte; -> org.hibernate.type.WrapperBinaryType@64a1923a
2022-03-20 19:47:00.492 [main] DEBUG org.hibernate.type.BasicTypeRegistry - Adding type registration row_version -> org.hibernate.type.RowVersionType@742d4e15
2022-03-20 19:47:00.492 [main] DEBUG org.hibernate.type.BasicTypeRegistry - Adding type registration image -> org.hibernate.type.ImageType@5fa05212
2022-03-20 19:47:00.492 [main] DEBUG org.hibernate.type.BasicTypeRegistry - Adding type registration characters -> org.hibernate.type.CharArrayType@2d83c5a5
2022-03-20 19:47:00.492 [main] DEBUG org.hibernate.type.BasicTypeRegistry - Adding type registration char[] -> org.hibernate.type.CharArrayType@2d83c5a5
2022-03-20 19:47:00.492 [main] DEBUG org.hibernate.type.BasicTypeRegistry - Adding type registration [C -> org.hibernate.type.CharArrayType@2d83c5a5
2022-03-20 19:47:00.493 [main] DEBUG org.hibernate.type.BasicTypeRegistry - Adding type registration wrapper-characters -> org.hibernate.type.CharacterArrayType@a68df9
2022-03-20 19:47:00.493 [main] DEBUG org.hibernate.type.BasicTypeRegistry - Adding type registration [Ljava.lang.Character; -> org.hibernate.type.CharacterArrayType@a68df9
2022-03-20 19:47:00.493 [main] DEBUG org.hibernate.type.BasicTypeRegistry - Adding type registration Character[] -> org.hibernate.type.CharacterArrayType@a68df9
2022-03-20 19:47:00.493 [main] DEBUG org.hibernate.type.BasicTypeRegistry - Adding type registration text -> org.hibernate.type.TextType@1b1637e1
2022-03-20 19:47:00.493 [main] DEBUG org.hibernate.type.BasicTypeRegistry - Adding type registration ntext -> org.hibernate.type.NTextType@3c1e23ff
2022-03-20 19:47:00.494 [main] DEBUG org.hibernate.type.BasicTypeRegistry - Adding type registration blob -> org.hibernate.type.BlobType@737edcfa
2022-03-20 19:47:00.494 [main] DEBUG org.hibernate.type.BasicTypeRegistry - Adding type registration java.sql.Blob -> org.hibernate.type.BlobType@737edcfa
2022-03-20 19:47:00.494 [main] DEBUG org.hibernate.type.BasicTypeRegistry - Adding type registration materialized_blob -> org.hibernate.type.MaterializedBlobType@3359c978
2022-03-20 19:47:00.495 [main] DEBUG org.hibernate.type.BasicTypeRegistry - Adding type registration clob -> org.hibernate.type.ClobType@4010d494
2022-03-20 19:47:00.495 [main] DEBUG org.hibernate.type.BasicTypeRegistry - Adding type registration java.sql.Clob -> org.hibernate.type.ClobType@4010d494
2022-03-20 19:47:00.495 [main] DEBUG org.hibernate.type.BasicTypeRegistry - Adding type registration nclob -> org.hibernate.type.NClobType@344b8190
2022-03-20 19:47:00.495 [main] DEBUG org.hibernate.type.BasicTypeRegistry - Adding type registration java.sql.NClob -> org.hibernate.type.NClobType@344b8190
2022-03-20 19:47:00.495 [main] DEBUG org.hibernate.type.BasicTypeRegistry - Adding type registration materialized_clob -> org.hibernate.type.MaterializedClobType@718607eb
2022-03-20 19:47:00.495 [main] DEBUG org.hibernate.type.BasicTypeRegistry - Adding type registration materialized_nclob -> org.hibernate.type.MaterializedNClobType@676f0a60
2022-03-20 19:47:00.496 [main] DEBUG org.hibernate.type.BasicTypeRegistry - Adding type registration serializable -> org.hibernate.type.SerializableType@20921b9b
2022-03-20 19:47:00.497 [main] DEBUG org.hibernate.type.BasicTypeRegistry - Adding type registration object -> org.hibernate.type.ObjectType@325f7fa9
2022-03-20 19:47:00.497 [main] DEBUG org.hibernate.type.BasicTypeRegistry - Adding type registration java.lang.Object -> org.hibernate.type.ObjectType@325f7fa9
2022-03-20 19:47:00.497 [main] DEBUG org.hibernate.type.BasicTypeRegistry - Adding type registration imm_date -> org.hibernate.type.AdaptedImmutableType@5aa6202e
2022-03-20 19:47:00.497 [main] DEBUG org.hibernate.type.BasicTypeRegistry - Adding type registration imm_time -> org.hibernate.type.AdaptedImmutableType@3af9aa66
2022-03-20 19:47:00.498 [main] DEBUG org.hibernate.type.BasicTypeRegistry - Adding type registration imm_timestamp -> org.hibernate.type.AdaptedImmutableType@771158fb
2022-03-20 19:47:00.498 [main] DEBUG org.hibernate.type.BasicTypeRegistry - Adding type registration imm_dbtimestamp -> org.hibernate.type.AdaptedImmutableType@91c4a3f
2022-03-20 19:47:00.498 [main] DEBUG org.hibernate.type.BasicTypeRegistry - Adding type registration imm_calendar -> org.hibernate.type.AdaptedImmutableType@62d0ac62
2022-03-20 19:47:00.498 [main] DEBUG org.hibernate.type.BasicTypeRegistry - Adding type registration imm_calendar_date -> org.hibernate.type.AdaptedImmutableType@150d80c4
2022-03-20 19:47:00.498 [main] DEBUG org.hibernate.type.BasicTypeRegistry - Adding type registration imm_binary -> org.hibernate.type.AdaptedImmutableType@6826c41e
2022-03-20 19:47:00.498 [main] DEBUG org.hibernate.type.BasicTypeRegistry - Adding type registration imm_serializable -> org.hibernate.type.AdaptedImmutableType@3003697
2022-03-20 19:47:00.509 [main] DEBUG org.hibernate.id.factory.internal.DefaultIdentifierGeneratorFactory - Registering IdentifierGenerator strategy [uuid2] -> [org.hibernate.id.UUIDGenerator]
2022-03-20 19:47:00.510 [main] DEBUG org.hibernate.id.factory.internal.DefaultIdentifierGeneratorFactory - Registering IdentifierGenerator strategy [guid] -> [org.hibernate.id.GUIDGenerator]
2022-03-20 19:47:00.510 [main] DEBUG org.hibernate.id.factory.internal.DefaultIdentifierGeneratorFactory - Registering IdentifierGenerator strategy [uuid] -> [org.hibernate.id.UUIDHexGenerator]
2022-03-20 19:47:00.510 [main] DEBUG org.hibernate.id.factory.internal.DefaultIdentifierGeneratorFactory - Registering IdentifierGenerator strategy [uuid.hex] -> [org.hibernate.id.UUIDHexGenerator]
2022-03-20 19:47:00.510 [main] DEBUG org.hibernate.id.factory.internal.DefaultIdentifierGeneratorFactory - Registering IdentifierGenerator strategy [assigned] -> [org.hibernate.id.Assigned]
2022-03-20 19:47:00.510 [main] DEBUG org.hibernate.id.factory.internal.DefaultIdentifierGeneratorFactory - Registering IdentifierGenerator strategy [identity] -> [org.hibernate.id.IdentityGenerator]
2022-03-20 19:47:00.511 [main] DEBUG org.hibernate.id.factory.internal.DefaultIdentifierGeneratorFactory - Registering IdentifierGenerator strategy [select] -> [org.hibernate.id.SelectGenerator]
2022-03-20 19:47:00.511 [main] DEBUG org.hibernate.id.factory.internal.DefaultIdentifierGeneratorFactory - Registering IdentifierGenerator strategy [sequence] -> [org.hibernate.id.enhanced.SequenceStyleGenerator]
2022-03-20 19:47:00.511 [main] DEBUG org.hibernate.id.factory.internal.DefaultIdentifierGeneratorFactory - Registering IdentifierGenerator strategy [seqhilo] -> [org.hibernate.id.SequenceHiLoGenerator]
2022-03-20 19:47:00.512 [main] DEBUG org.hibernate.id.factory.internal.DefaultIdentifierGeneratorFactory - Registering IdentifierGenerator strategy [increment] -> [org.hibernate.id.IncrementGenerator]
2022-03-20 19:47:00.512 [main] DEBUG org.hibernate.id.factory.internal.DefaultIdentifierGeneratorFactory - Registering IdentifierGenerator strategy [foreign] -> [org.hibernate.id.ForeignGenerator]
2022-03-20 19:47:00.512 [main] DEBUG org.hibernate.id.factory.internal.DefaultIdentifierGeneratorFactory - Registering IdentifierGenerator strategy [sequence-identity] -> [org.hibernate.id.SequenceIdentityGenerator]
2022-03-20 19:47:00.512 [main] DEBUG org.hibernate.id.factory.internal.DefaultIdentifierGeneratorFactory - Registering IdentifierGenerator strategy [enhanced-sequence] -> [org.hibernate.id.enhanced.SequenceStyleGenerator]
2022-03-20 19:47:00.512 [main] DEBUG org.hibernate.id.factory.internal.DefaultIdentifierGeneratorFactory - Registering IdentifierGenerator strategy [enhanced-table] -> [org.hibernate.id.enhanced.TableGenerator]
2022-03-20 19:47:00.631 [main] DEBUG org.hibernate.engine.jdbc.env.internal.JdbcEnvironmentInitiator - Database ->
       name : PostgreSQL
    version : 14.2
      major : 14
      minor : 2
2022-03-20 19:47:00.632 [main] DEBUG org.hibernate.engine.jdbc.env.internal.JdbcEnvironmentInitiator - Driver ->
       name : PostgreSQL JDBC Driver
    version : 42.3.3
      major : 42
      minor : 3
2022-03-20 19:47:00.632 [main] DEBUG org.hibernate.engine.jdbc.env.internal.JdbcEnvironmentInitiator - JDBC version : 4.2
2022-03-20 19:47:00.639 [main] INFO  org.hibernate.dialect.Dialect - HHH000400: Using dialect: org.hibernate.dialect.PostgreSQL10Dialect
2022-03-20 19:47:00.645 [main] DEBUG org.hibernate.engine.jdbc.env.spi.IdentifierHelperBuilder - JDBC driver metadata reported database stores quoted identifiers in neither upper, lower nor mixed case
2022-03-20 19:47:00.657 [main] DEBUG org.hibernate.type.BasicTypeRegistry - Adding type registration pg-uuid -> org.hibernate.type.PostgresUUIDType@6972c30a
2022-03-20 19:47:00.657 [main] DEBUG org.hibernate.type.BasicTypeRegistry - Adding type registration java.util.UUID -> org.hibernate.type.PostgresUUIDType@6972c30a
2022-03-20 19:47:00.657 [main] DEBUG org.hibernate.type.BasicTypeRegistry - HHH000270: Type registration [java.util.UUID] overrides previous : org.hibernate.type.UUIDBinaryType@669d2b1b
2022-03-20 19:47:00.658 [main] DEBUG org.hibernate.type.spi.TypeConfiguration$Scope - Scoping TypeConfiguration [org.hibernate.type.spi.TypeConfiguration@2d000e80] to MetadataBuildingContext [org.hibernate.boot.internal.MetadataBuildingContextRootImpl@7cf283e1]
2022-03-20 19:47:00.668 [main] DEBUG org.hibernate.boot.model.relational.Namespace - Created database namespace [logicalName=Name{catalog=null, schema=null}, physicalName=Name{catalog=null, schema=null}]
2022-03-20 19:47:00.686 [main] DEBUG org.hibernate.internal.SessionFactoryImpl - Building session factory
2022-03-20 19:47:00.687 [main] DEBUG org.hibernate.cfg.Settings - SessionFactory name : null
2022-03-20 19:47:00.687 [main] DEBUG org.hibernate.cfg.Settings - Automatic flush during beforeCompletion(): enabled
2022-03-20 19:47:00.687 [main] DEBUG org.hibernate.cfg.Settings - Automatic session close at end of transaction: disabled
2022-03-20 19:47:00.687 [main] DEBUG org.hibernate.cfg.Settings - Statistics: disabled
2022-03-20 19:47:00.687 [main] DEBUG org.hibernate.cfg.Settings - Deleted entity synthetic identifier rollback: disabled
2022-03-20 19:47:00.687 [main] DEBUG org.hibernate.cfg.Settings - Default entity-mode: pojo
2022-03-20 19:47:00.687 [main] DEBUG org.hibernate.cfg.Settings - Check Nullability in Core (should be disabled when Bean Validation is on): enabled
2022-03-20 19:47:00.687 [main] DEBUG org.hibernate.cfg.Settings - Allow initialization of lazy state outside session : disabled
2022-03-20 19:47:00.687 [main] DEBUG org.hibernate.cfg.Settings - Using BatchFetchStyle : LEGACY
2022-03-20 19:47:00.687 [main] DEBUG org.hibernate.cfg.Settings - Default batch fetch size: -1
2022-03-20 19:47:00.687 [main] DEBUG org.hibernate.cfg.Settings - Maximum outer join fetch depth: null
2022-03-20 19:47:00.687 [main] DEBUG org.hibernate.cfg.Settings - Default null ordering: NONE
2022-03-20 19:47:00.687 [main] DEBUG org.hibernate.cfg.Settings - Order SQL updates by primary key: disabled
2022-03-20 19:47:00.687 [main] DEBUG org.hibernate.cfg.Settings - Order SQL inserts for batching: disabled
2022-03-20 19:47:00.688 [main] DEBUG org.hibernate.cfg.Settings - multi-tenancy strategy : NONE
2022-03-20 19:47:00.688 [main] DEBUG org.hibernate.cfg.Settings - JTA Track by Thread: enabled
2022-03-20 19:47:00.688 [main] DEBUG org.hibernate.cfg.Settings - Query language substitutions: {}
2022-03-20 19:47:00.688 [main] DEBUG org.hibernate.cfg.Settings - Named query checking : enabled
2022-03-20 19:47:00.688 [main] DEBUG org.hibernate.cfg.Settings - Second-level cache: disabled
2022-03-20 19:47:00.688 [main] DEBUG org.hibernate.cfg.Settings - Second-level query cache: disabled
2022-03-20 19:47:00.688 [main] DEBUG org.hibernate.cfg.Settings - Second-level query cache factory: null
2022-03-20 19:47:00.688 [main] DEBUG org.hibernate.cfg.Settings - Second-level cache region prefix: null
2022-03-20 19:47:00.688 [main] DEBUG org.hibernate.cfg.Settings - Optimize second-level cache for minimal puts: disabled
2022-03-20 19:47:00.688 [main] DEBUG org.hibernate.cfg.Settings - Structured second-level cache entries: disabled
2022-03-20 19:47:00.688 [main] DEBUG org.hibernate.cfg.Settings - Second-level cache direct-reference entries: disabled
2022-03-20 19:47:00.688 [main] DEBUG org.hibernate.cfg.Settings - Automatic eviction of collection cache: disabled
2022-03-20 19:47:00.688 [main] DEBUG org.hibernate.cfg.Settings - JDBC batch size: 15
2022-03-20 19:47:00.688 [main] DEBUG org.hibernate.cfg.Settings - JDBC batch updates for versioned data: enabled
2022-03-20 19:47:00.688 [main] DEBUG org.hibernate.cfg.Settings - Scrollable result sets: enabled
2022-03-20 19:47:00.688 [main] DEBUG org.hibernate.cfg.Settings - Wrap result sets: disabled
2022-03-20 19:47:00.689 [main] DEBUG org.hibernate.cfg.Settings - JDBC3 getGeneratedKeys(): enabled
2022-03-20 19:47:00.689 [main] DEBUG org.hibernate.cfg.Settings - JDBC result set fetch size: null
2022-03-20 19:47:00.689 [main] DEBUG org.hibernate.cfg.Settings - Connection release mode: AFTER_TRANSACTION
2022-03-20 19:47:00.689 [main] DEBUG org.hibernate.cfg.Settings - Generate SQL with comments: disabled
2022-03-20 19:47:00.689 [main] DEBUG org.hibernate.cfg.Settings - JPA compliance - query : disabled
2022-03-20 19:47:00.689 [main] DEBUG org.hibernate.cfg.Settings - JPA compliance - closed-handling : disabled
2022-03-20 19:47:00.689 [main] DEBUG org.hibernate.cfg.Settings - JPA compliance - lists : disabled
2022-03-20 19:47:00.689 [main] DEBUG org.hibernate.cfg.Settings - JPA compliance - transactions : disabled
2022-03-20 19:47:00.709 [main] DEBUG org.hibernate.service.internal.SessionFactoryServiceRegistryImpl - EventListenerRegistry access via ServiceRegistry is deprecated.  Use `sessionFactory.getEventEngine().getListenerRegistry()` instead
2022-03-20 19:47:00.709 [main] DEBUG org.hibernate.service.internal.SessionFactoryServiceRegistryImpl - EventListenerRegistry access via ServiceRegistry is deprecated.  Use `sessionFactory.getEventEngine().getListenerRegistry()` instead
2022-03-20 19:47:00.716 [main] DEBUG org.hibernate.internal.SessionFactoryImpl - Session factory constructed with filter configurations : {}
2022-03-20 19:47:00.716 [main] DEBUG org.hibernate.internal.SessionFactoryImpl - Instantiating session factory with properties: {java.specification.version=17, sun.jnu.encoding=UTF-8, hibernate.dialect=org.hibernate.dialect.PostgreSQL10Dialect, java.class.path=/Users/kirillborichevskiy/Desktop/HouseStreamAPI/target/classes:/Users/kirillborichevskiy/.m2/repository/org/apache/logging/log4j/log4j-api/2.17.1/log4j-api-2.17.1.jar:/Users/kirillborichevskiy/.m2/repository/org/apache/logging/log4j/log4j-core/2.17.1/log4j-core-2.17.1.jar:/Users/kirillborichevskiy/.m2/repository/org/slf4j/slf4j-api/1.7.36/slf4j-api-1.7.36.jar:/Users/kirillborichevskiy/.m2/repository/org/slf4j/slf4j-simple/1.7.36/slf4j-simple-1.7.36.jar:/Users/kirillborichevskiy/.m2/repository/org/postgresql/postgresql/42.3.3/postgresql-42.3.3.jar:/Users/kirillborichevskiy/.m2/repository/org/checkerframework/checker-qual/3.5.0/checker-qual-3.5.0.jar:/Users/kirillborichevskiy/.m2/repository/org/hibernate/hibernate-vibur/5.6.7.Final/hibernate-vibur-5.6.7.Final.jar:/Users/kirillborichevskiy/.m2/repository/org/jboss/logging/jboss-logging/3.4.3.Final/jboss-logging-3.4.3.Final.jar:/Users/kirillborichevskiy/.m2/repository/org/hibernate/hibernate-core/5.6.7.Final/hibernate-core-5.6.7.Final.jar:/Users/kirillborichevskiy/.m2/repository/javax/persistence/javax.persistence-api/2.2/javax.persistence-api-2.2.jar:/Users/kirillborichevskiy/.m2/repository/net/bytebuddy/byte-buddy/1.12.8/byte-buddy-1.12.8.jar:/Users/kirillborichevskiy/.m2/repository/antlr/antlr/2.7.7/antlr-2.7.7.jar:/Users/kirillborichevskiy/.m2/repository/org/jboss/spec/javax/transaction/jboss-transaction-api_1.2_spec/1.1.1.Final/jboss-transaction-api_1.2_spec-1.1.1.Final.jar:/Users/kirillborichevskiy/.m2/repository/org/jboss/jandex/2.4.2.Final/jandex-2.4.2.Final.jar:/Users/kirillborichevskiy/.m2/repository/com/fasterxml/classmate/1.5.1/classmate-1.5.1.jar:/Users/kirillborichevskiy/.m2/repository/javax/activation/javax.activation-api/1.2.0/javax.activation-api-1.2.0.jar:/Users/kirillborichevskiy/.m2/repository/org/hibernate/common/hibernate-commons-annotations/5.1.2.Final/hibernate-commons-annotations-5.1.2.Final.jar:/Users/kirillborichevskiy/.m2/repository/javax/xml/bind/jaxb-api/2.3.1/jaxb-api-2.3.1.jar:/Users/kirillborichevskiy/.m2/repository/org/glassfish/jaxb/jaxb-runtime/2.3.1/jaxb-runtime-2.3.1.jar:/Users/kirillborichevskiy/.m2/repository/org/glassfish/jaxb/txw2/2.3.1/txw2-2.3.1.jar:/Users/kirillborichevskiy/.m2/repository/com/sun/istack/istack-commons-runtime/3.0.7/istack-commons-runtime-3.0.7.jar:/Users/kirillborichevskiy/.m2/repository/org/jvnet/staxex/stax-ex/1.8/stax-ex-1.8.jar:/Users/kirillborichevskiy/.m2/repository/com/sun/xml/fastinfoset/FastInfoset/1.2.15/FastInfoset-1.2.15.jar:/Users/kirillborichevskiy/.m2/repository/org/vibur/vibur-dbcp/25.0/vibur-dbcp-25.0.jar:/Users/kirillborichevskiy/.m2/repository/org/vibur/vibur-object-pool/25.0/vibur-object-pool-25.0.jar, java.vm.vendor=Oracle Corporation, sun.arch.data.model=64, java.vendor.url=https://java.oracle.com/, user.timezone=Europe/Minsk, java.vm.specification.version=17, os.name=Mac OS X, sun.java.launcher=SUN_STANDARD, user.country=BY, sun.boot.library.path=/Library/Java/JavaVirtualMachines/jdk-17.0.2.jdk/Contents/Home/lib, sun.java.command=com.kigya.main.Main, http.nonProxyHosts=local|*.local|169.254/16|*.169.254/16, jdk.debug=release, sun.cpu.endian=little, user.home=/Users/kirillborichevskiy, user.language=en, java.specification.vendor=Oracle Corporation, java.version.date=2022-01-18, java.home=/Library/Java/JavaVirtualMachines/jdk-17.0.2.jdk/Contents/Home, file.separator=/, java.vm.compressedOopsMode=Zero based, line.separator=
, java.vm.specification.vendor=Oracle Corporation, java.specification.name=Java Platform API Specification, sun.management.compiler=HotSpot 64-Bit Tiered Compilers, ftp.nonProxyHosts=local|*.local|169.254/16|*.169.254/16, java.runtime.version=17.0.2+8-LTS-86, user.name=kirillborichevskiy, path.separator=:, hibernate.connection.username=****, os.version=12.3, java.runtime.name=Java(TM) SE Runtime Environment, hibernate.connection.url=jdbc:postgresql://localhost:5432/java_labs, file.encoding=UTF-8, java.vm.name=Java HotSpot(TM) 64-Bit Server VM, hibernate.show_sql=true, show_sql=true, hibernate.connection.driver_class=org.postgresql.Driver, java.vendor.url.bug=https://bugreport.java.com/bugreport/, java.io.tmpdir=/var/folders/83/p478mr1d52176137q4nk8qnc0000gn/T/, java.version=17.0.2, user.dir=/Users/kirillborichevskiy/Desktop/HouseStreamAPI, os.arch=aarch64, java.vm.specification.name=Java Virtual Machine Specification, hibernate.connection.password=****, hibernate.boot.CfgXmlAccessService.key=org.hibernate.boot.cfgxml.spi.LoadedConfig@37b57b54, native.encoding=UTF-8, java.library.path=/Users/kirillborichevskiy/Library/Java/Extensions:/Library/Java/Extensions:/Network/Library/Java/Extensions:/System/Library/Java/Extensions:/usr/lib/java:., java.vendor=Oracle Corporation, java.vm.info=mixed mode, sharing, java.vm.version=17.0.2+8-LTS-86, hibernate.bytecode.use_reflection_optimizer=false, sun.io.unicode.encoding=UnicodeBig, socksNonProxyHosts=local|*.local|169.254/16|*.169.254/16, java.class.version=61.0}
2022-03-20 19:47:00.721 [main] DEBUG org.hibernate.secure.spi.JaccIntegrator - Skipping JACC integration as it was not enabled
2022-03-20 19:47:00.722 [main] DEBUG org.hibernate.internal.SessionFactoryImpl - Instantiated session factory
2022-03-20 19:47:00.722 [main] DEBUG org.hibernate.type.spi.TypeConfiguration$Scope - Scoping TypeConfiguration [org.hibernate.type.spi.TypeConfiguration@2d000e80] to SessionFactoryImpl [org.hibernate.internal.SessionFactoryImpl@74dbb1ee]
2022-03-20 19:47:00.735 [main] DEBUG org.hibernate.tool.schema.spi.SchemaManagementToolCoordinator - No schema actions specified
2022-03-20 19:47:00.735 [main] DEBUG org.hibernate.tool.schema.spi.SchemaManagementToolCoordinator - No actions specified; doing nothing
2022-03-20 19:47:00.735 [main] DEBUG org.hibernate.engine.transaction.jta.platform.internal.JtaPlatformInitiator - No JtaPlatform was specified, checking resolver
2022-03-20 19:47:00.735 [main] DEBUG org.hibernate.engine.transaction.jta.platform.internal.JtaPlatformResolverInitiator - No JtaPlatformResolver was specified, using default [org.hibernate.engine.transaction.jta.platform.internal.StandardJtaPlatformResolver]
2022-03-20 19:47:00.736 [main] DEBUG org.hibernate.engine.transaction.jta.platform.internal.StandardJtaPlatformResolver - Could not resolve JtaPlatform, using default [org.hibernate.engine.transaction.jta.platform.internal.NoJtaPlatform]
2022-03-20 19:47:00.737 [main] INFO  org.hibernate.engine.transaction.jta.platform.internal.JtaPlatformInitiator - HHH000490: Using JtaPlatform implementation: [org.hibernate.engine.transaction.jta.platform.internal.NoJtaPlatform]
2022-03-20 19:47:00.737 [main] DEBUG org.hibernate.query.spi.NamedQueryRepository - Checking 0 named HQL queries
2022-03-20 19:47:00.737 [main] DEBUG org.hibernate.query.spi.NamedQueryRepository - Checking 0 named SQL queries
2022-03-20 19:47:00.738 [main] DEBUG org.hibernate.service.internal.SessionFactoryServiceRegistryImpl - EventListenerRegistry access via ServiceRegistry is deprecated.  Use `sessionFactory.getEventEngine().getListenerRegistry()` instead
2022-03-20 19:47:00.741 [main] DEBUG org.hibernate.internal.SessionFactoryRegistry - Initializing SessionFactoryRegistry : org.hibernate.internal.SessionFactoryRegistry@71b6d77f
2022-03-20 19:47:00.741 [main] DEBUG org.hibernate.internal.SessionFactoryRegistry - Registering SessionFactory: 59e95cb4-a89f-45b1-bb9a-ae03a6be08f0 (<unnamed>)
2022-03-20 19:47:00.741 [main] DEBUG org.hibernate.internal.SessionFactoryRegistry - Not binding SessionFactory to JNDI, no JNDI name configured
2022-03-20 19:47:00.766 [main] DEBUG org.hibernate.stat.internal.StatisticsInitiator - Statistics initialized [enabled=false]
2022-03-20 19:47:00.768 [main] DEBUG org.hibernate.internal.SessionFactoryImpl - HHH000031: Closing
2022-03-20 19:47:00.768 [main] DEBUG org.hibernate.type.spi.TypeConfiguration$Scope - Un-scoping TypeConfiguration [org.hibernate.type.spi.TypeConfiguration$Scope@17f2dd85] from SessionFactory [org.hibernate.internal.SessionFactoryImpl@74dbb1ee]
2022-03-20 19:47:00.769 [main] DEBUG org.hibernate.service.internal.AbstractServiceRegistryImpl - Implicitly destroying ServiceRegistry on de-registration of all child ServiceRegistries
2022-03-20 19:47:00.771 [main] DEBUG org.hibernate.boot.registry.internal.BootstrapServiceRegistryImpl - Implicitly destroying Boot-strap registry on de-registration of all child ServiceRegistries
